  glad.c
  YorkiEngineApp.cpp
E:\Projects\YorkieEngine\YorkieEngine\Rendering\RenderingSystem.h(13,42): warning C4251: 'RenderingSystem::objectsToRender': class 'std::vector<RenderObject *,std::allocator<RenderObject *>>' needs to have dll-interface to be used by clients of class 'RenderingSystem'
E:\Projects\YorkieEngine\YorkieEngine\Rendering\RenderingSystem.h(13,14): message : see declaration of 'std::vector<RenderObject *,std::allocator<RenderObject *>>'
E:\Projects\YorkieEngine\Libraries\glfw\glfw-3.3.8\include\GLFW\glfw3.h(1185,37): warning C4099: 'GLFWwindow': type name first seen using 'class' now seen using 'struct'
E:\Projects\YorkieEngine\YorkieEngine\Application\YorkiEngineApp.h(4,7): message : see declaration of 'GLFWwindow'
E:\Projects\YorkieEngine\Libraries\glad\include\glad\glad.h(326,1): warning C4005: 'GL_ALL_ATTRIB_BITS': macro redefinition
C:\Program Files (x86)\Windows Kits\10\Include\10.0.22621.0\um\GL\gl.h(107,1): message : see previous definition of 'GL_ALL_ATTRIB_BITS'
E:\Projects\YorkieEngine\Libraries\glad\include\glad\glad.h(414,1): warning C4005: 'GL_LOGIC_OP': macro redefinition
C:\Program Files (x86)\Windows Kits\10\Include\10.0.22621.0\um\GL\gl.h(1152,1): message : see previous definition of 'GL_LOGIC_OP'
E:\Projects\YorkieEngine\Libraries\glad\include\glad\glad.h(498,1): warning C4005: 'GL_TEXTURE_COMPONENTS': macro redefinition
C:\Program Files (x86)\Windows Kits\10\Include\10.0.22621.0\um\GL\gl.h(1153,1): message : see previous definition of 'GL_TEXTURE_COMPONENTS'
E:\Projects\YorkieEngine\Libraries\glad\include\glad\glad.h(592,1): warning C4005: 'GL_CLIENT_ALL_ATTRIB_BITS': macro redefinition
C:\Program Files (x86)\Windows Kits\10\Include\10.0.22621.0\um\GL\gl.h(973,1): message : see previous definition of 'GL_CLIENT_ALL_ATTRIB_BITS'
E:\Projects\YorkieEngine\YorkieEngine\Rendering\RenderObject.h(19,9): warning C4251: 'RenderObject::buffer': class 'Buffer' needs to have dll-interface to be used by clients of class 'RenderObject'
E:\Projects\YorkieEngine\YorkieEngine\Buffer.h(6,7): message : see declaration of 'Buffer'
E:\Projects\YorkieEngine\YorkieEngine\Window\Public\WindowManager.h(28,30): warning C4251: 'WindowManager::windows': class 'std::vector<Window *,std::allocator<Window *>>' needs to have dll-interface to be used by clients of class 'WindowManager'
E:\Projects\YorkieEngine\YorkieEngine\Window\Public\WindowManager.h(28,14): message : see declaration of 'std::vector<Window *,std::allocator<Window *>>'
E:\Projects\YorkieEngine\YorkieEngine\Window\Public\Viewport.h(24,29): warning C4251: 'Viewport::renderObjects': class 'std::vector<RenderObject *,std::allocator<RenderObject *>>' needs to have dll-interface to be used by clients of class 'Viewport'
E:\Projects\YorkieEngine\YorkieEngine\Rendering\RenderingSystem.h(13,14): message : see declaration of 'std::vector<RenderObject *,std::allocator<RenderObject *>>'
E:\Projects\YorkieEngine\YorkieEngine\ImGUI\imgui_impl_glfw.h(21,18): warning C4099: 'GLFWwindow': type name first seen using 'class' now seen using 'struct'
E:\Projects\YorkieEngine\YorkieEngine\Application\YorkiEngineApp.h(4,7): message : see declaration of 'GLFWwindow'
  Buffer.cpp
  imgui.cpp
  imgui_demo.cpp
  imgui_draw.cpp
  imgui_impl_glfw.cpp
  imgui_impl_opengl3.cpp
  imgui_tables.cpp
  imgui_widgets.cpp
  IndexBuffer.cpp
  Logger.cpp
  Mat4x4 .cpp
  MathHelpers .cpp
  Vector2D .cpp
  Vector3D.cpp
  RenderingSystem.cpp
E:\Projects\YorkieEngine\YorkieEngine\Rendering\RenderingSystem.h(13,42): warning C4251: 'RenderingSystem::objectsToRender': class 'std::vector<RenderObject *,std::allocator<RenderObject *>>' needs to have dll-interface to be used by clients of class 'RenderingSystem'
E:\Projects\YorkieEngine\YorkieEngine\Rendering\RenderingSystem.h(13,14): message : see declaration of 'std::vector<RenderObject *,std::allocator<RenderObject *>>'
E:\Projects\YorkieEngine\Libraries\glfw\glfw-3.3.8\include\GLFW\glfw3.h(1185,37): warning C4099: 'GLFWwindow': type name first seen using 'class' now seen using 'struct'
E:\Projects\YorkieEngine\YorkieEngine\Rendering\RenderingSystem.h(11,34): message : see declaration of 'GLFWwindow'
E:\Projects\YorkieEngine\Libraries\glad\include\glad\glad.h(326,1): warning C4005: 'GL_ALL_ATTRIB_BITS': macro redefinition
C:\Program Files (x86)\Windows Kits\10\Include\10.0.22621.0\um\GL\gl.h(107,1): message : see previous definition of 'GL_ALL_ATTRIB_BITS'
E:\Projects\YorkieEngine\Libraries\glad\include\glad\glad.h(414,1): warning C4005: 'GL_LOGIC_OP': macro redefinition
C:\Program Files (x86)\Windows Kits\10\Include\10.0.22621.0\um\GL\gl.h(1152,1): message : see previous definition of 'GL_LOGIC_OP'
E:\Projects\YorkieEngine\Libraries\glad\include\glad\glad.h(498,1): warning C4005: 'GL_TEXTURE_COMPONENTS': macro redefinition
C:\Program Files (x86)\Windows Kits\10\Include\10.0.22621.0\um\GL\gl.h(1153,1): message : see previous definition of 'GL_TEXTURE_COMPONENTS'
E:\Projects\YorkieEngine\Libraries\glad\include\glad\glad.h(592,1): warning C4005: 'GL_CLIENT_ALL_ATTRIB_BITS': macro redefinition
C:\Program Files (x86)\Windows Kits\10\Include\10.0.22621.0\um\GL\gl.h(973,1): message : see previous definition of 'GL_CLIENT_ALL_ATTRIB_BITS'
E:\Projects\YorkieEngine\YorkieEngine\Rendering\RenderObject.h(19,9): warning C4251: 'RenderObject::buffer': class 'Buffer' needs to have dll-interface to be used by clients of class 'RenderObject'
E:\Projects\YorkieEngine\YorkieEngine\Buffer.h(6,7): message : see declaration of 'Buffer'
  RenderObject.cpp
E:\Projects\YorkieEngine\Libraries\glad\include\glad\glad.h(326,1): warning C4005: 'GL_ALL_ATTRIB_BITS': macro redefinition
C:\Program Files (x86)\Windows Kits\10\Include\10.0.22621.0\um\GL\gl.h(107,1): message : see previous definition of 'GL_ALL_ATTRIB_BITS'
E:\Projects\YorkieEngine\Libraries\glad\include\glad\glad.h(414,1): warning C4005: 'GL_LOGIC_OP': macro redefinition
C:\Program Files (x86)\Windows Kits\10\Include\10.0.22621.0\um\GL\gl.h(1152,1): message : see previous definition of 'GL_LOGIC_OP'
E:\Projects\YorkieEngine\Libraries\glad\include\glad\glad.h(498,1): warning C4005: 'GL_TEXTURE_COMPONENTS': macro redefinition
C:\Program Files (x86)\Windows Kits\10\Include\10.0.22621.0\um\GL\gl.h(1153,1): message : see previous definition of 'GL_TEXTURE_COMPONENTS'
E:\Projects\YorkieEngine\Libraries\glad\include\glad\glad.h(592,1): warning C4005: 'GL_CLIENT_ALL_ATTRIB_BITS': macro redefinition
C:\Program Files (x86)\Windows Kits\10\Include\10.0.22621.0\um\GL\gl.h(973,1): message : see previous definition of 'GL_CLIENT_ALL_ATTRIB_BITS'
E:\Projects\YorkieEngine\YorkieEngine\Rendering\RenderObject.h(19,9): warning C4251: 'RenderObject::buffer': class 'Buffer' needs to have dll-interface to be used by clients of class 'RenderObject'
E:\Projects\YorkieEngine\YorkieEngine\Buffer.h(6,7): message : see declaration of 'Buffer'
E:\Projects\YorkieEngine\YorkieEngine\Rendering\RenderingSystem.h(11,44): warning C4099: 'GLFWwindow': type name first seen using 'struct' now seen using 'class'
E:\Projects\YorkieEngine\Libraries\glfw\glfw-3.3.8\include\GLFW\glfw3.h(1185,16): message : see declaration of 'GLFWwindow'
E:\Projects\YorkieEngine\YorkieEngine\Rendering\RenderingSystem.h(13,42): warning C4251: 'RenderingSystem::objectsToRender': class 'std::vector<RenderObject *,std::allocator<RenderObject *>>' needs to have dll-interface to be used by clients of class 'RenderingSystem'
E:\Projects\YorkieEngine\YorkieEngine\Rendering\RenderingSystem.h(13,14): message : see declaration of 'std::vector<RenderObject *,std::allocator<RenderObject *>>'
  Shader.cpp
E:\Projects\YorkieEngine\Libraries\glad\include\glad\glad.h(326,1): warning C4005: 'GL_ALL_ATTRIB_BITS': macro redefinition
C:\Program Files (x86)\Windows Kits\10\Include\10.0.22621.0\um\GL\gl.h(107,1): message : see previous definition of 'GL_ALL_ATTRIB_BITS'
E:\Projects\YorkieEngine\Libraries\glad\include\glad\glad.h(414,1): warning C4005: 'GL_LOGIC_OP': macro redefinition
C:\Program Files (x86)\Windows Kits\10\Include\10.0.22621.0\um\GL\gl.h(1152,1): message : see previous definition of 'GL_LOGIC_OP'
E:\Projects\YorkieEngine\Libraries\glad\include\glad\glad.h(498,1): warning C4005: 'GL_TEXTURE_COMPONENTS': macro redefinition
C:\Program Files (x86)\Windows Kits\10\Include\10.0.22621.0\um\GL\gl.h(1153,1): message : see previous definition of 'GL_TEXTURE_COMPONENTS'
E:\Projects\YorkieEngine\Libraries\glad\include\glad\glad.h(592,1): warning C4005: 'GL_CLIENT_ALL_ATTRIB_BITS': macro redefinition
C:\Program Files (x86)\Windows Kits\10\Include\10.0.22621.0\um\GL\gl.h(973,1): message : see previous definition of 'GL_CLIENT_ALL_ATTRIB_BITS'
  Viewport.cpp
E:\Projects\YorkieEngine\Libraries\glad\include\glad\glad.h(326,1): warning C4005: 'GL_ALL_ATTRIB_BITS': macro redefinition
C:\Program Files (x86)\Windows Kits\10\Include\10.0.22621.0\um\GL\gl.h(107,1): message : see previous definition of 'GL_ALL_ATTRIB_BITS'
E:\Projects\YorkieEngine\Libraries\glad\include\glad\glad.h(414,1): warning C4005: 'GL_LOGIC_OP': macro redefinition
C:\Program Files (x86)\Windows Kits\10\Include\10.0.22621.0\um\GL\gl.h(1152,1): message : see previous definition of 'GL_LOGIC_OP'
E:\Projects\YorkieEngine\Libraries\glad\include\glad\glad.h(498,1): warning C4005: 'GL_TEXTURE_COMPONENTS': macro redefinition
C:\Program Files (x86)\Windows Kits\10\Include\10.0.22621.0\um\GL\gl.h(1153,1): message : see previous definition of 'GL_TEXTURE_COMPONENTS'
E:\Projects\YorkieEngine\Libraries\glad\include\glad\glad.h(592,1): warning C4005: 'GL_CLIENT_ALL_ATTRIB_BITS': macro redefinition
C:\Program Files (x86)\Windows Kits\10\Include\10.0.22621.0\um\GL\gl.h(973,1): message : see previous definition of 'GL_CLIENT_ALL_ATTRIB_BITS'
E:\Projects\YorkieEngine\YorkieEngine\Window\Public\Viewport.h(24,29): warning C4251: 'Viewport::renderObjects': class 'std::vector<RenderObject *,std::allocator<RenderObject *>>' needs to have dll-interface to be used by clients of class 'Viewport'
E:\Projects\YorkieEngine\YorkieEngine\Window\Public\Viewport.h(24,7): message : see declaration of 'std::vector<RenderObject *,std::allocator<RenderObject *>>'
E:\Projects\YorkieEngine\YorkieEngine\Rendering\RenderObject.h(19,9): warning C4251: 'RenderObject::buffer': class 'Buffer' needs to have dll-interface to be used by clients of class 'RenderObject'
E:\Projects\YorkieEngine\YorkieEngine\Buffer.h(6,7): message : see declaration of 'Buffer'
  Window.cpp
E:\Projects\YorkieEngine\Libraries\glad\include\glad\glad.h(326,1): warning C4005: 'GL_ALL_ATTRIB_BITS': macro redefinition
C:\Program Files (x86)\Windows Kits\10\Include\10.0.22621.0\um\GL\gl.h(107,1): message : see previous definition of 'GL_ALL_ATTRIB_BITS'
E:\Projects\YorkieEngine\Libraries\glad\include\glad\glad.h(414,1): warning C4005: 'GL_LOGIC_OP': macro redefinition
C:\Program Files (x86)\Windows Kits\10\Include\10.0.22621.0\um\GL\gl.h(1152,1): message : see previous definition of 'GL_LOGIC_OP'
E:\Projects\YorkieEngine\Libraries\glad\include\glad\glad.h(498,1): warning C4005: 'GL_TEXTURE_COMPONENTS': macro redefinition
C:\Program Files (x86)\Windows Kits\10\Include\10.0.22621.0\um\GL\gl.h(1153,1): message : see previous definition of 'GL_TEXTURE_COMPONENTS'
E:\Projects\YorkieEngine\Libraries\glad\include\glad\glad.h(592,1): warning C4005: 'GL_CLIENT_ALL_ATTRIB_BITS': macro redefinition
C:\Program Files (x86)\Windows Kits\10\Include\10.0.22621.0\um\GL\gl.h(973,1): message : see previous definition of 'GL_CLIENT_ALL_ATTRIB_BITS'
  Compiling...
  WindowManager.cpp
E:\Projects\YorkieEngine\Libraries\glad\include\glad\glad.h(326,1): warning C4005: 'GL_ALL_ATTRIB_BITS': macro redefinition
C:\Program Files (x86)\Windows Kits\10\Include\10.0.22621.0\um\GL\gl.h(107,1): message : see previous definition of 'GL_ALL_ATTRIB_BITS'
E:\Projects\YorkieEngine\Libraries\glad\include\glad\glad.h(414,1): warning C4005: 'GL_LOGIC_OP': macro redefinition
C:\Program Files (x86)\Windows Kits\10\Include\10.0.22621.0\um\GL\gl.h(1152,1): message : see previous definition of 'GL_LOGIC_OP'
E:\Projects\YorkieEngine\Libraries\glad\include\glad\glad.h(498,1): warning C4005: 'GL_TEXTURE_COMPONENTS': macro redefinition
C:\Program Files (x86)\Windows Kits\10\Include\10.0.22621.0\um\GL\gl.h(1153,1): message : see previous definition of 'GL_TEXTURE_COMPONENTS'
E:\Projects\YorkieEngine\Libraries\glad\include\glad\glad.h(592,1): warning C4005: 'GL_CLIENT_ALL_ATTRIB_BITS': macro redefinition
C:\Program Files (x86)\Windows Kits\10\Include\10.0.22621.0\um\GL\gl.h(973,1): message : see previous definition of 'GL_CLIENT_ALL_ATTRIB_BITS'
E:\Projects\YorkieEngine\YorkieEngine\Window\Public\WindowManager.h(28,30): warning C4251: 'WindowManager::windows': class 'std::vector<Window *,std::allocator<Window *>>' needs to have dll-interface to be used by clients of class 'WindowManager'
E:\Projects\YorkieEngine\YorkieEngine\Window\Public\WindowManager.h(28,14): message : see declaration of 'std::vector<Window *,std::allocator<Window *>>'
  YorkieEngine.cpp
     Creating library E:\Projects\SandboxApp\x64\Release\YorkieEngine.lib and object E:\Projects\SandboxApp\x64\Release\YorkieEngine.exp
  Generating code
  Previous IPDB not found, fall back to full compilation.
  All 1090 functions were compiled because no usable IPDB/IOBJ from previous compilation was found.
  Finished generating code
  YorkieEngine.vcxproj -> E:\Projects\SandboxApp\x64\Release\YorkieEngine.dll
