  YorkiEngineApp.cpp
E:\Projects\YorkieEngine\YorkieEngine\Rendering\RenderingSystem.h(12,42): warning C4251: 'RenderingSystem::objectsToRender': class 'std::vector<RenderObject *,std::allocator<RenderObject *>>' needs to have dll-interface to be used by clients of class 'RenderingSystem'
E:\Projects\YorkieEngine\YorkieEngine\Rendering\RenderingSystem.h(12,14): message : see declaration of 'std::vector<RenderObject *,std::allocator<RenderObject *>>'
E:\Projects\YorkieEngine\Libraries\glfw\glfw-3.3.8\include\GLFW\glfw3.h(1185,37): warning C4099: 'GLFWwindow': type name first seen using 'class' now seen using 'struct'
E:\Projects\YorkieEngine\YorkieEngine\Application\YorkiEngineApp.h(4,7): message : see declaration of 'GLFWwindow'
E:\Projects\YorkieEngine\Libraries\glad\include\glad\glad.h(326,1): warning C4005: 'GL_ALL_ATTRIB_BITS': macro redefinition
C:\Program Files (x86)\Windows Kits\10\Include\10.0.22621.0\um\GL\gl.h(107,1): message : see previous definition of 'GL_ALL_ATTRIB_BITS'
E:\Projects\YorkieEngine\Libraries\glad\include\glad\glad.h(414,1): warning C4005: 'GL_LOGIC_OP': macro redefinition
C:\Program Files (x86)\Windows Kits\10\Include\10.0.22621.0\um\GL\gl.h(1152,1): message : see previous definition of 'GL_LOGIC_OP'
E:\Projects\YorkieEngine\Libraries\glad\include\glad\glad.h(498,1): warning C4005: 'GL_TEXTURE_COMPONENTS': macro redefinition
C:\Program Files (x86)\Windows Kits\10\Include\10.0.22621.0\um\GL\gl.h(1153,1): message : see previous definition of 'GL_TEXTURE_COMPONENTS'
E:\Projects\YorkieEngine\Libraries\glad\include\glad\glad.h(592,1): warning C4005: 'GL_CLIENT_ALL_ATTRIB_BITS': macro redefinition
C:\Program Files (x86)\Windows Kits\10\Include\10.0.22621.0\um\GL\gl.h(973,1): message : see previous definition of 'GL_CLIENT_ALL_ATTRIB_BITS'
E:\Projects\YorkieEngine\YorkieEngine\Rendering\Buffers\VAO.h(6,1): warning C4275: non dll-interface class 'Buffer' used as base for dll-interface class 'VAO'
E:\Projects\YorkieEngine\YorkieEngine\Rendering\Buffers\Buffer.h(18,7): message : see declaration of 'Buffer'
E:\Projects\YorkieEngine\YorkieEngine\Rendering\Buffers\VAO.h(5,14): message : see declaration of 'VAO'
E:\Projects\YorkieEngine\YorkieEngine\Rendering\Buffers\VBO.h(7,1): warning C4275: non dll-interface class 'Buffer' used as base for dll-interface class 'VBO'
E:\Projects\YorkieEngine\YorkieEngine\Rendering\Buffers\Buffer.h(18,7): message : see declaration of 'Buffer'
E:\Projects\YorkieEngine\YorkieEngine\Rendering\Buffers\VBO.h(6,14): message : see declaration of 'VBO'
E:\Projects\YorkieEngine\YorkieEngine\Rendering\RenderObject.h(29,28): warning C4251: 'RenderObject::vertices': class 'std::vector<Vertex,std::allocator<Vertex>>' needs to have dll-interface to be used by clients of class 'RenderObject'
E:\Projects\YorkieEngine\YorkieEngine\Rendering\RenderObject.h(18,20): message : see declaration of 'std::vector<Vertex,std::allocator<Vertex>>'
E:\Projects\YorkieEngine\YorkieEngine\Rendering\RenderObject.h(30,28): warning C4251: 'RenderObject::indices': class 'std::vector<unsigned int,std::allocator<unsigned int>>' needs to have dll-interface to be used by clients of class 'RenderObject'
E:\Projects\YorkieEngine\YorkieEngine\Rendering\RenderObject.h(18,50): message : see declaration of 'std::vector<unsigned int,std::allocator<unsigned int>>'
E:\Projects\YorkieEngine\YorkieEngine\Window\Public\WindowManager.h(26,30): warning C4251: 'WindowManager::windows': class 'std::vector<Window *,std::allocator<Window *>>' needs to have dll-interface to be used by clients of class 'WindowManager'
E:\Projects\YorkieEngine\YorkieEngine\Window\Public\WindowManager.h(26,14): message : see declaration of 'std::vector<Window *,std::allocator<Window *>>'
E:\Projects\YorkieEngine\YorkieEngine\Window\Public\Viewport.h(12,1): warning C4275: non dll-interface class 'Window' used as base for dll-interface class 'Viewport'
E:\Projects\YorkieEngine\YorkieEngine\Window\Public\Window.h(13,7): message : see declaration of 'Window'
E:\Projects\YorkieEngine\YorkieEngine\Window\Public\Viewport.h(11,14): message : see declaration of 'Viewport'
E:\Projects\YorkieEngine\YorkieEngine\Window\Public\Viewport.h(26,29): warning C4251: 'Viewport::renderObjects': class 'std::vector<RenderObject *,std::allocator<RenderObject *>>' needs to have dll-interface to be used by clients of class 'Viewport'
E:\Projects\YorkieEngine\YorkieEngine\Rendering\RenderingSystem.h(12,14): message : see declaration of 'std::vector<RenderObject *,std::allocator<RenderObject *>>'
E:\Projects\YorkieEngine\YorkieEngine\ImGUI\imgui_impl_glfw.h(21,18): warning C4099: 'GLFWwindow': type name first seen using 'class' now seen using 'struct'
E:\Projects\YorkieEngine\YorkieEngine\Application\YorkiEngineApp.h(4,7): message : see declaration of 'GLFWwindow'
  Cube.cpp
E:\Projects\YorkieEngine\Libraries\glad\include\glad\glad.h(326,1): warning C4005: 'GL_ALL_ATTRIB_BITS': macro redefinition
C:\Program Files (x86)\Windows Kits\10\Include\10.0.22621.0\um\GL\gl.h(107,1): message : see previous definition of 'GL_ALL_ATTRIB_BITS'
E:\Projects\YorkieEngine\Libraries\glad\include\glad\glad.h(414,1): warning C4005: 'GL_LOGIC_OP': macro redefinition
C:\Program Files (x86)\Windows Kits\10\Include\10.0.22621.0\um\GL\gl.h(1152,1): message : see previous definition of 'GL_LOGIC_OP'
E:\Projects\YorkieEngine\Libraries\glad\include\glad\glad.h(498,1): warning C4005: 'GL_TEXTURE_COMPONENTS': macro redefinition
C:\Program Files (x86)\Windows Kits\10\Include\10.0.22621.0\um\GL\gl.h(1153,1): message : see previous definition of 'GL_TEXTURE_COMPONENTS'
E:\Projects\YorkieEngine\Libraries\glad\include\glad\glad.h(592,1): warning C4005: 'GL_CLIENT_ALL_ATTRIB_BITS': macro redefinition
C:\Program Files (x86)\Windows Kits\10\Include\10.0.22621.0\um\GL\gl.h(973,1): message : see previous definition of 'GL_CLIENT_ALL_ATTRIB_BITS'
E:\Projects\YorkieEngine\YorkieEngine\Rendering\Buffers\VAO.h(6,1): warning C4275: non dll-interface class 'Buffer' used as base for dll-interface class 'VAO'
E:\Projects\YorkieEngine\YorkieEngine\Rendering\Buffers\Buffer.h(18,7): message : see declaration of 'Buffer'
E:\Projects\YorkieEngine\YorkieEngine\Rendering\Buffers\VAO.h(5,14): message : see declaration of 'VAO'
E:\Projects\YorkieEngine\YorkieEngine\Rendering\Buffers\VBO.h(7,1): warning C4275: non dll-interface class 'Buffer' used as base for dll-interface class 'VBO'
E:\Projects\YorkieEngine\YorkieEngine\Rendering\Buffers\Buffer.h(18,7): message : see declaration of 'Buffer'
E:\Projects\YorkieEngine\YorkieEngine\Rendering\Buffers\VBO.h(6,14): message : see declaration of 'VBO'
E:\Projects\YorkieEngine\YorkieEngine\Rendering\RenderObject.h(29,28): warning C4251: 'RenderObject::vertices': class 'std::vector<Vertex,std::allocator<Vertex>>' needs to have dll-interface to be used by clients of class 'RenderObject'
E:\Projects\YorkieEngine\YorkieEngine\Rendering\RenderObject.h(18,20): message : see declaration of 'std::vector<Vertex,std::allocator<Vertex>>'
E:\Projects\YorkieEngine\YorkieEngine\Rendering\RenderObject.h(30,28): warning C4251: 'RenderObject::indices': class 'std::vector<unsigned int,std::allocator<unsigned int>>' needs to have dll-interface to be used by clients of class 'RenderObject'
E:\Projects\YorkieEngine\YorkieEngine\Rendering\RenderObject.h(18,50): message : see declaration of 'std::vector<unsigned int,std::allocator<unsigned int>>'
E:\Projects\YorkieEngine\YorkieEngine\Rendering\Primitives\Cube.cpp(97,46): warning C4267: 'argument': conversion from 'size_t' to 'GLsizei', possible loss of data
  RenderObject.cpp
E:\Projects\YorkieEngine\Libraries\glad\include\glad\glad.h(326,1): warning C4005: 'GL_ALL_ATTRIB_BITS': macro redefinition
C:\Program Files (x86)\Windows Kits\10\Include\10.0.22621.0\um\GL\gl.h(107,1): message : see previous definition of 'GL_ALL_ATTRIB_BITS'
E:\Projects\YorkieEngine\Libraries\glad\include\glad\glad.h(414,1): warning C4005: 'GL_LOGIC_OP': macro redefinition
C:\Program Files (x86)\Windows Kits\10\Include\10.0.22621.0\um\GL\gl.h(1152,1): message : see previous definition of 'GL_LOGIC_OP'
E:\Projects\YorkieEngine\Libraries\glad\include\glad\glad.h(498,1): warning C4005: 'GL_TEXTURE_COMPONENTS': macro redefinition
C:\Program Files (x86)\Windows Kits\10\Include\10.0.22621.0\um\GL\gl.h(1153,1): message : see previous definition of 'GL_TEXTURE_COMPONENTS'
E:\Projects\YorkieEngine\Libraries\glad\include\glad\glad.h(592,1): warning C4005: 'GL_CLIENT_ALL_ATTRIB_BITS': macro redefinition
C:\Program Files (x86)\Windows Kits\10\Include\10.0.22621.0\um\GL\gl.h(973,1): message : see previous definition of 'GL_CLIENT_ALL_ATTRIB_BITS'
E:\Projects\YorkieEngine\YorkieEngine\Rendering\Buffers\VAO.h(6,1): warning C4275: non dll-interface class 'Buffer' used as base for dll-interface class 'VAO'
E:\Projects\YorkieEngine\YorkieEngine\Rendering\Buffers\Buffer.h(18,7): message : see declaration of 'Buffer'
E:\Projects\YorkieEngine\YorkieEngine\Rendering\Buffers\VAO.h(5,14): message : see declaration of 'VAO'
E:\Projects\YorkieEngine\YorkieEngine\Rendering\Buffers\VBO.h(7,1): warning C4275: non dll-interface class 'Buffer' used as base for dll-interface class 'VBO'
E:\Projects\YorkieEngine\YorkieEngine\Rendering\Buffers\Buffer.h(18,7): message : see declaration of 'Buffer'
E:\Projects\YorkieEngine\YorkieEngine\Rendering\Buffers\VBO.h(6,14): message : see declaration of 'VBO'
E:\Projects\YorkieEngine\YorkieEngine\Rendering\RenderObject.h(29,28): warning C4251: 'RenderObject::vertices': class 'std::vector<Vertex,std::allocator<Vertex>>' needs to have dll-interface to be used by clients of class 'RenderObject'
E:\Projects\YorkieEngine\YorkieEngine\Rendering\RenderObject.h(18,20): message : see declaration of 'std::vector<Vertex,std::allocator<Vertex>>'
E:\Projects\YorkieEngine\YorkieEngine\Rendering\RenderObject.h(30,28): warning C4251: 'RenderObject::indices': class 'std::vector<unsigned int,std::allocator<unsigned int>>' needs to have dll-interface to be used by clients of class 'RenderObject'
E:\Projects\YorkieEngine\YorkieEngine\Rendering\RenderObject.h(18,50): message : see declaration of 'std::vector<unsigned int,std::allocator<unsigned int>>'
E:\Projects\YorkieEngine\YorkieEngine\Rendering\RenderingSystem.h(10,44): warning C4099: 'GLFWwindow': type name first seen using 'struct' now seen using 'class'
E:\Projects\YorkieEngine\Libraries\glfw\glfw-3.3.8\include\GLFW\glfw3.h(1185,16): message : see declaration of 'GLFWwindow'
E:\Projects\YorkieEngine\YorkieEngine\Rendering\RenderingSystem.h(12,42): warning C4251: 'RenderingSystem::objectsToRender': class 'std::vector<RenderObject *,std::allocator<RenderObject *>>' needs to have dll-interface to be used by clients of class 'RenderingSystem'
E:\Projects\YorkieEngine\YorkieEngine\Rendering\RenderingSystem.h(12,14): message : see declaration of 'std::vector<RenderObject *,std::allocator<RenderObject *>>'
  RenderingSystem.cpp
E:\Projects\YorkieEngine\YorkieEngine\Rendering\RenderingSystem.h(12,42): warning C4251: 'RenderingSystem::objectsToRender': class 'std::vector<RenderObject *,std::allocator<RenderObject *>>' needs to have dll-interface to be used by clients of class 'RenderingSystem'
E:\Projects\YorkieEngine\YorkieEngine\Rendering\RenderingSystem.h(12,14): message : see declaration of 'std::vector<RenderObject *,std::allocator<RenderObject *>>'
E:\Projects\YorkieEngine\Libraries\glfw\glfw-3.3.8\include\GLFW\glfw3.h(1185,37): warning C4099: 'GLFWwindow': type name first seen using 'class' now seen using 'struct'
E:\Projects\YorkieEngine\YorkieEngine\Rendering\RenderingSystem.h(10,34): message : see declaration of 'GLFWwindow'
E:\Projects\YorkieEngine\Libraries\glad\include\glad\glad.h(326,1): warning C4005: 'GL_ALL_ATTRIB_BITS': macro redefinition
C:\Program Files (x86)\Windows Kits\10\Include\10.0.22621.0\um\GL\gl.h(107,1): message : see previous definition of 'GL_ALL_ATTRIB_BITS'
E:\Projects\YorkieEngine\Libraries\glad\include\glad\glad.h(414,1): warning C4005: 'GL_LOGIC_OP': macro redefinition
C:\Program Files (x86)\Windows Kits\10\Include\10.0.22621.0\um\GL\gl.h(1152,1): message : see previous definition of 'GL_LOGIC_OP'
E:\Projects\YorkieEngine\Libraries\glad\include\glad\glad.h(498,1): warning C4005: 'GL_TEXTURE_COMPONENTS': macro redefinition
C:\Program Files (x86)\Windows Kits\10\Include\10.0.22621.0\um\GL\gl.h(1153,1): message : see previous definition of 'GL_TEXTURE_COMPONENTS'
E:\Projects\YorkieEngine\Libraries\glad\include\glad\glad.h(592,1): warning C4005: 'GL_CLIENT_ALL_ATTRIB_BITS': macro redefinition
C:\Program Files (x86)\Windows Kits\10\Include\10.0.22621.0\um\GL\gl.h(973,1): message : see previous definition of 'GL_CLIENT_ALL_ATTRIB_BITS'
E:\Projects\YorkieEngine\YorkieEngine\Rendering\Buffers\VAO.h(6,1): warning C4275: non dll-interface class 'Buffer' used as base for dll-interface class 'VAO'
E:\Projects\YorkieEngine\YorkieEngine\Rendering\Buffers\Buffer.h(18,7): message : see declaration of 'Buffer'
E:\Projects\YorkieEngine\YorkieEngine\Rendering\Buffers\VAO.h(5,14): message : see declaration of 'VAO'
E:\Projects\YorkieEngine\YorkieEngine\Rendering\Buffers\VBO.h(7,1): warning C4275: non dll-interface class 'Buffer' used as base for dll-interface class 'VBO'
E:\Projects\YorkieEngine\YorkieEngine\Rendering\Buffers\Buffer.h(18,7): message : see declaration of 'Buffer'
E:\Projects\YorkieEngine\YorkieEngine\Rendering\Buffers\VBO.h(6,14): message : see declaration of 'VBO'
E:\Projects\YorkieEngine\YorkieEngine\Rendering\RenderObject.h(29,28): warning C4251: 'RenderObject::vertices': class 'std::vector<Vertex,std::allocator<Vertex>>' needs to have dll-interface to be used by clients of class 'RenderObject'
E:\Projects\YorkieEngine\YorkieEngine\Rendering\RenderObject.h(18,20): message : see declaration of 'std::vector<Vertex,std::allocator<Vertex>>'
E:\Projects\YorkieEngine\YorkieEngine\Rendering\RenderObject.h(30,28): warning C4251: 'RenderObject::indices': class 'std::vector<unsigned int,std::allocator<unsigned int>>' needs to have dll-interface to be used by clients of class 'RenderObject'
E:\Projects\YorkieEngine\YorkieEngine\Rendering\RenderObject.h(18,50): message : see declaration of 'std::vector<unsigned int,std::allocator<unsigned int>>'
  Viewport.cpp
E:\Projects\YorkieEngine\Libraries\glad\include\glad\glad.h(326,1): warning C4005: 'GL_ALL_ATTRIB_BITS': macro redefinition
C:\Program Files (x86)\Windows Kits\10\Include\10.0.22621.0\um\GL\gl.h(107,1): message : see previous definition of 'GL_ALL_ATTRIB_BITS'
E:\Projects\YorkieEngine\Libraries\glad\include\glad\glad.h(414,1): warning C4005: 'GL_LOGIC_OP': macro redefinition
C:\Program Files (x86)\Windows Kits\10\Include\10.0.22621.0\um\GL\gl.h(1152,1): message : see previous definition of 'GL_LOGIC_OP'
E:\Projects\YorkieEngine\Libraries\glad\include\glad\glad.h(498,1): warning C4005: 'GL_TEXTURE_COMPONENTS': macro redefinition
C:\Program Files (x86)\Windows Kits\10\Include\10.0.22621.0\um\GL\gl.h(1153,1): message : see previous definition of 'GL_TEXTURE_COMPONENTS'
E:\Projects\YorkieEngine\Libraries\glad\include\glad\glad.h(592,1): warning C4005: 'GL_CLIENT_ALL_ATTRIB_BITS': macro redefinition
C:\Program Files (x86)\Windows Kits\10\Include\10.0.22621.0\um\GL\gl.h(973,1): message : see previous definition of 'GL_CLIENT_ALL_ATTRIB_BITS'
E:\Projects\YorkieEngine\YorkieEngine\Window\Public\Viewport.h(12,1): warning C4275: non dll-interface class 'Window' used as base for dll-interface class 'Viewport'
E:\Projects\YorkieEngine\YorkieEngine\Window\Public\Window.h(13,7): message : see declaration of 'Window'
E:\Projects\YorkieEngine\YorkieEngine\Window\Public\Viewport.h(11,14): message : see declaration of 'Viewport'
E:\Projects\YorkieEngine\YorkieEngine\Window\Public\Viewport.h(26,29): warning C4251: 'Viewport::renderObjects': class 'std::vector<RenderObject *,std::allocator<RenderObject *>>' needs to have dll-interface to be used by clients of class 'Viewport'
E:\Projects\YorkieEngine\YorkieEngine\Window\Public\Viewport.h(26,7): message : see declaration of 'std::vector<RenderObject *,std::allocator<RenderObject *>>'
E:\Projects\YorkieEngine\YorkieEngine\Rendering\Buffers\VAO.h(6,1): warning C4275: non dll-interface class 'Buffer' used as base for dll-interface class 'VAO'
E:\Projects\YorkieEngine\YorkieEngine\Rendering\Buffers\Buffer.h(18,7): message : see declaration of 'Buffer'
E:\Projects\YorkieEngine\YorkieEngine\Rendering\Buffers\VAO.h(5,14): message : see declaration of 'VAO'
E:\Projects\YorkieEngine\YorkieEngine\Rendering\Buffers\VBO.h(7,1): warning C4275: non dll-interface class 'Buffer' used as base for dll-interface class 'VBO'
E:\Projects\YorkieEngine\YorkieEngine\Rendering\Buffers\Buffer.h(18,7): message : see declaration of 'Buffer'
E:\Projects\YorkieEngine\YorkieEngine\Rendering\Buffers\VBO.h(6,14): message : see declaration of 'VBO'
E:\Projects\YorkieEngine\YorkieEngine\Rendering\RenderObject.h(29,28): warning C4251: 'RenderObject::vertices': class 'std::vector<Vertex,std::allocator<Vertex>>' needs to have dll-interface to be used by clients of class 'RenderObject'
E:\Projects\YorkieEngine\YorkieEngine\Rendering\RenderObject.h(18,20): message : see declaration of 'std::vector<Vertex,std::allocator<Vertex>>'
E:\Projects\YorkieEngine\YorkieEngine\Rendering\RenderObject.h(30,28): warning C4251: 'RenderObject::indices': class 'std::vector<unsigned int,std::allocator<unsigned int>>' needs to have dll-interface to be used by clients of class 'RenderObject'
E:\Projects\YorkieEngine\YorkieEngine\Rendering\RenderObject.h(18,50): message : see declaration of 'std::vector<unsigned int,std::allocator<unsigned int>>'
  Generating Code...
  YorkieEngine.vcxproj -> E:\Projects\SandboxApp\x64\Debug\YorkieEngine.dll
