e:\projects\yorkieengine\x64\debug\glad.obj
e:\projects\yorkieengine\x64\debug\shader.obj
e:\projects\yorkieengine\x64\debug\renderobject.obj
e:\projects\yorkieengine\x64\debug\renderingsystem.obj
e:\projects\yorkieengine\x64\debug\vbo.obj
e:\projects\yorkieengine\x64\debug\vector3d.obj
e:\projects\yorkieengine\x64\debug\vector2d .obj
e:\projects\yorkieengine\x64\debug\mathhelpers .obj
e:\projects\yorkieengine\x64\debug\mat4x4 .obj
e:\projects\yorkieengine\x64\debug\logger.obj
e:\projects\yorkieengine\x64\debug\indexbuffer.obj
e:\projects\yorkieengine\x64\debug\imgui_widgets.obj
e:\projects\yorkieengine\x64\debug\imgui_tables.obj
e:\projects\yorkieengine\x64\debug\imgui_impl_opengl3.obj
e:\projects\yorkieengine\x64\debug\imgui_impl_glfw.obj
e:\projects\yorkieengine\x64\debug\imgui_draw.obj
e:\projects\yorkieengine\x64\debug\imgui_demo.obj
e:\projects\yorkieengine\x64\debug\imgui.obj
e:\projects\yorkieengine\x64\debug\buffer.obj
e:\projects\yorkieengine\x64\debug\yorkiengineapp.obj
e:\projects\yorkieengine\x64\debug\vao.obj
e:\projects\yorkieengine\x64\debug\yorkieengine.obj
e:\projects\yorkieengine\x64\debug\windowmanager.obj
e:\projects\yorkieengine\x64\debug\window.obj
e:\projects\yorkieengine\x64\debug\viewport.obj
e:\projects\sandboxapp\x64\debug\yorkieengine.lib
e:\projects\sandboxapp\x64\debug\yorkieengine.exp
e:\projects\sandboxapp\x64\debug\yorkieengine.dll
e:\projects\yorkieengine\x64\debug\yorkieengine.ilk
e:\projects\sandboxapp\x64\debug\yorkieengine.pdb
e:\projects\yorkieengine\x64\debug\yorkieengine.tlog\cl.command.1.tlog
e:\projects\yorkieengine\x64\debug\yorkieengine.tlog\cl.items.tlog
e:\projects\yorkieengine\x64\debug\yorkieengine.tlog\cl.read.1.tlog
e:\projects\yorkieengine\x64\debug\yorkieengine.tlog\cl.write.1.tlog
e:\projects\yorkieengine\x64\debug\yorkieengine.tlog\link.command.1.tlog
e:\projects\yorkieengine\x64\debug\yorkieengine.tlog\link.read.1.tlog
e:\projects\yorkieengine\x64\debug\yorkieengine.tlog\link.write.1.tlog
e:\projects\yorkieengine\x64\debug\yorkieengine.tlog\link.write.2u.tlog
