e:\projects\yorkieengine\yorkieengine\src\x64\debug\vc143.pdb
e:\projects\yorkieengine\yorkieengine\src\x64\debug\vc143.idb
e:\projects\yorkieengine\yorkieengine\src\x64\debug\yorkiengineapp.obj
e:\projects\yorkieengine\yorkieengine\src\x64\debug\yorkieengine.obj
e:\projects\yorkieengine\yorkieengine\src\x64\debug\shader.obj
e:\projects\yorkieengine\yorkieengine\src\x64\debug\renderingsystem.obj
e:\projects\yorkieengine\yorkieengine\src\x64\debug\renderobject.obj
e:\projects\yorkieengine\yorkieengine\src\x64\debug\glad.obj
e:\projects\yorkieengine\x64\debug\yorkieengine.lib
e:\projects\yorkieengine\x64\debug\yorkieengine.exp
e:\projects\yorkieengine\x64\debug\yorkieengine.dll
e:\projects\yorkieengine\yorkieengine\src\x64\debug\yorkieengine.ilk
e:\projects\yorkieengine\x64\debug\yorkieengine.pdb
e:\projects\yorkieengine\yorkieengine\src\x64\debug\yorkieengine.tlog\cl.command.1.tlog
e:\projects\yorkieengine\yorkieengine\src\x64\debug\yorkieengine.tlog\cl.read.1.tlog
e:\projects\yorkieengine\yorkieengine\src\x64\debug\yorkieengine.tlog\cl.write.1.tlog
e:\projects\yorkieengine\yorkieengine\src\x64\debug\yorkieengine.tlog\link.command.1.tlog
e:\projects\yorkieengine\yorkieengine\src\x64\debug\yorkieengine.tlog\link.read.1.tlog
e:\projects\yorkieengine\yorkieengine\src\x64\debug\yorkieengine.tlog\link.write.1.tlog
e:\projects\yorkieengine\yorkieengine\src\x64\debug\yorkieengine.tlog\link.write.2u.tlog
