  RenderingSystem.cpp
E:\Projects\YorkieEngine\Libraries\glfw\glfw-3.3.8\include\GLFW\glfw3.h(1185,37): warning C4099: 'GLFWwindow': type name first seen using 'class' now seen using 'struct'
E:\Projects\YorkieEngine\YorkieEngine\src\ExternalInclude\RenderingSystem.h(10,34): message : see declaration of 'GLFWwindow'
E:\Projects\YorkieEngine\Libraries\glad\include\glad\glad.h(326,1): warning C4005: 'GL_ALL_ATTRIB_BITS': macro redefinition
C:\Program Files (x86)\Windows Kits\10\Include\10.0.22621.0\um\GL\gl.h(107,1): message : see previous definition of 'GL_ALL_ATTRIB_BITS'
E:\Projects\YorkieEngine\Libraries\glad\include\glad\glad.h(414,1): warning C4005: 'GL_LOGIC_OP': macro redefinition
C:\Program Files (x86)\Windows Kits\10\Include\10.0.22621.0\um\GL\gl.h(1152,1): message : see previous definition of 'GL_LOGIC_OP'
E:\Projects\YorkieEngine\Libraries\glad\include\glad\glad.h(498,1): warning C4005: 'GL_TEXTURE_COMPONENTS': macro redefinition
C:\Program Files (x86)\Windows Kits\10\Include\10.0.22621.0\um\GL\gl.h(1153,1): message : see previous definition of 'GL_TEXTURE_COMPONENTS'
E:\Projects\YorkieEngine\Libraries\glad\include\glad\glad.h(592,1): warning C4005: 'GL_CLIENT_ALL_ATTRIB_BITS': macro redefinition
C:\Program Files (x86)\Windows Kits\10\Include\10.0.22621.0\um\GL\gl.h(973,1): message : see previous definition of 'GL_CLIENT_ALL_ATTRIB_BITS'
E:\Projects\YorkieEngine\YorkieEngine\src\Rendering\RenderObject.h(21,21): warning C4251: 'RenderObject::vertices': class 'std::vector<float,std::allocator<float>>' needs to have dll-interface to be used by clients of class 'RenderObject'
E:\Projects\YorkieEngine\YorkieEngine\src\Rendering\RenderObject.h(9,26): message : see declaration of 'std::vector<float,std::allocator<float>>'
E:\Projects\YorkieEngine\YorkieEngine\src\Rendering\RenderObject.h(22,28): warning C4251: 'RenderObject::indices': class 'std::vector<unsigned int,std::allocator<unsigned int>>' needs to have dll-interface to be used by clients of class 'RenderObject'
E:\Projects\YorkieEngine\YorkieEngine\src\Rendering\RenderObject.h(10,61): message : see declaration of 'std::vector<unsigned int,std::allocator<unsigned int>>'
E:\Projects\YorkieEngine\YorkieEngine\src\Rendering\RenderObject.h(16): warning C4267: 'return': conversion from 'size_t' to 'int', possible loss of data
  YorkiEngineApp.cpp
E:\Projects\YorkieEngine\Libraries\glfw\glfw-3.3.8\include\GLFW\glfw3.h(1185,37): warning C4099: 'GLFWwindow': type name first seen using 'class' now seen using 'struct'
E:\Projects\YorkieEngine\YorkieEngine\src\ExternalInclude\YorkiEngineApp.h(4,7): message : see declaration of 'GLFWwindow'
E:\Projects\YorkieEngine\Libraries\glad\include\glad\glad.h(326,1): warning C4005: 'GL_ALL_ATTRIB_BITS': macro redefinition
C:\Program Files (x86)\Windows Kits\10\Include\10.0.22621.0\um\GL\gl.h(107,1): message : see previous definition of 'GL_ALL_ATTRIB_BITS'
E:\Projects\YorkieEngine\Libraries\glad\include\glad\glad.h(414,1): warning C4005: 'GL_LOGIC_OP': macro redefinition
C:\Program Files (x86)\Windows Kits\10\Include\10.0.22621.0\um\GL\gl.h(1152,1): message : see previous definition of 'GL_LOGIC_OP'
E:\Projects\YorkieEngine\Libraries\glad\include\glad\glad.h(498,1): warning C4005: 'GL_TEXTURE_COMPONENTS': macro redefinition
C:\Program Files (x86)\Windows Kits\10\Include\10.0.22621.0\um\GL\gl.h(1153,1): message : see previous definition of 'GL_TEXTURE_COMPONENTS'
E:\Projects\YorkieEngine\Libraries\glad\include\glad\glad.h(592,1): warning C4005: 'GL_CLIENT_ALL_ATTRIB_BITS': macro redefinition
C:\Program Files (x86)\Windows Kits\10\Include\10.0.22621.0\um\GL\gl.h(973,1): message : see previous definition of 'GL_CLIENT_ALL_ATTRIB_BITS'
E:\Projects\YorkieEngine\YorkieEngine\src\Rendering\RenderObject.h(21,21): warning C4251: 'RenderObject::vertices': class 'std::vector<float,std::allocator<float>>' needs to have dll-interface to be used by clients of class 'RenderObject'
E:\Projects\YorkieEngine\YorkieEngine\src\Rendering\RenderObject.h(9,26): message : see declaration of 'std::vector<float,std::allocator<float>>'
E:\Projects\YorkieEngine\YorkieEngine\src\Rendering\RenderObject.h(22,28): warning C4251: 'RenderObject::indices': class 'std::vector<unsigned int,std::allocator<unsigned int>>' needs to have dll-interface to be used by clients of class 'RenderObject'
E:\Projects\YorkieEngine\YorkieEngine\src\Rendering\RenderObject.h(10,61): message : see declaration of 'std::vector<unsigned int,std::allocator<unsigned int>>'
E:\Projects\YorkieEngine\YorkieEngine\src\Rendering\RenderObject.h(16): warning C4267: 'return': conversion from 'size_t' to 'int', possible loss of data
  Generating Code...
     Creating library E:\Projects\YorkieEngine\x64\Debug\YorkieEngine.lib and object E:\Projects\YorkieEngine\x64\Debug\YorkieEngine.exp
LINK : warning LNK4098: defaultlib 'MSVCRT' conflicts with use of other libs; use /NODEFAULTLIB:library
  YorkieEngine.vcxproj -> E:\Projects\YorkieEngine\x64\Debug\YorkieEngine.dll
